tesla-app/android/app/build/intermediates/manifest_merge_blame_file/release/manifest-merger-blame-release-report.txt
1<?xml version="1.0" encoding="utf-8"?>
2<manifest xmlns:android="http://schemas.android.com/apk/res/android"
3    package="com.teslaapp"
4    android:versionCode="1"
5    android:versionName="1.0" >
6
7    <uses-sdk
8        android:minSdkVersion="21"
8-->src/main/AndroidManifest.xml
9        android:targetSdkVersion="30" />
9-->src/main/AndroidManifest.xml
10
11    <uses-permission android:name="android.permission.INTERNET" />
11-->src/main/AndroidManifest.xml:3:3-64
11-->src/main/AndroidManifest.xml:3:20-62
12    <!-- OPTIONAL PERMISSIONS, REMOVE WHATEVER YOU DO NOT NEED -->
13    <uses-permission android:name="android.permission.SYSTEM_ALERT_WINDOW" />
13-->src/main/AndroidManifest.xml:5:3-75
13-->src/main/AndroidManifest.xml:5:20-73
14    <uses-permission android:name="android.permission.VIBRATE" />
14-->src/main/AndroidManifest.xml:6:3-63
14-->src/main/AndroidManifest.xml:6:20-61
15    <!-- These require runtime permissions on M -->
16    <uses-permission android:name="android.permission.READ_EXTERNAL_STORAGE" />
16-->src/main/AndroidManifest.xml:8:3-77
16-->src/main/AndroidManifest.xml:8:20-75
17    <uses-permission android:name="android.permission.WRITE_EXTERNAL_STORAGE" />
17-->src/main/AndroidManifest.xml:9:3-78
17-->src/main/AndroidManifest.xml:9:20-76
18    <!-- END OPTIONAL PERMISSIONS -->
19
20    <queries>
20-->src/main/AndroidManifest.xml:12:3-19:13
21
22        <!-- Support checking for http(s) links via the Linking API -->
23        <intent>
23-->src/main/AndroidManifest.xml:14:5-18:14
24            <action android:name="android.intent.action.VIEW" />
24-->src/main/AndroidManifest.xml:15:7-59
24-->src/main/AndroidManifest.xml:15:15-56
25
26            <category android:name="android.intent.category.BROWSABLE" />
26-->src/main/AndroidManifest.xml:16:7-68
26-->src/main/AndroidManifest.xml:16:17-65
27
28            <data android:scheme="https" />
28-->src/main/AndroidManifest.xml:17:7-38
28-->src/main/AndroidManifest.xml:17:13-35
29        </intent>
30        <!-- Query open documents -->
31        <intent>
31-->[:expo-file-system] AndroidManifest.xml:19:9-21:18
32            <action android:name="android.intent.action.OPEN_DOCUMENT_TREE" />
32-->[:expo-file-system] AndroidManifest.xml:20:13-79
32-->[:expo-file-system] AndroidManifest.xml:20:21-76
33        </intent>
34    </queries>
35
36    <uses-permission android:name="com.google.android.finsky.permission.BIND_GET_INSTALL_REFERRER_SERVICE" />
36-->[com.android.installreferrer:installreferrer:1.0] AndroidManifest.xml:9:5-110
36-->[com.android.installreferrer:installreferrer:1.0] AndroidManifest.xml:9:22-107
37
38    <application
38-->src/main/AndroidManifest.xml:21:3-31:17
39        android:name="com.teslaapp.MainApplication"
39-->src/main/AndroidManifest.xml:21:16-47
40        android:allowBackup="false"
40-->src/main/AndroidManifest.xml:21:162-189
41        android:appComponentFactory="androidx.core.app.CoreComponentFactory"
41-->[androidx.core:core:1.3.0] AndroidManifest.xml:24:18-86
42        android:icon="@mipmap/ic_launcher"
42-->src/main/AndroidManifest.xml:21:81-115
43        android:label="@string/app_name"
43-->src/main/AndroidManifest.xml:21:48-80
44        android:roundIcon="@mipmap/ic_launcher_round"
44-->src/main/AndroidManifest.xml:21:116-161
45        android:theme="@style/AppTheme"
45-->src/main/AndroidManifest.xml:21:190-221
46        android:usesCleartextTraffic="true" >
46-->src/main/AndroidManifest.xml:21:222-257
47        <meta-data
47-->src/main/AndroidManifest.xml:22:5-103
48            android:name="expo.modules.updates.EXPO_UPDATE_URL"
48-->src/main/AndroidManifest.xml:22:16-67
49            android:value="YOUR-APP-URL-HERE" />
49-->src/main/AndroidManifest.xml:22:68-101
50        <meta-data
50-->src/main/AndroidManifest.xml:23:5-112
51            android:name="expo.modules.updates.EXPO_SDK_VERSION"
51-->src/main/AndroidManifest.xml:23:16-68
52            android:value="YOUR-APP-SDK-VERSION-HERE" />
52-->src/main/AndroidManifest.xml:23:69-110
53
54        <activity
54-->src/main/AndroidManifest.xml:24:5-29:16
55            android:name="com.teslaapp.MainActivity"
55-->src/main/AndroidManifest.xml:24:15-43
56            android:configChanges="keyboard|keyboardHidden|orientation|screenSize|uiMode"
56-->src/main/AndroidManifest.xml:24:77-154
57            android:label="@string/app_name"
57-->src/main/AndroidManifest.xml:24:44-76
58            android:launchMode="singleTask"
58-->src/main/AndroidManifest.xml:24:155-186
59            android:theme="@style/Theme.App.SplashScreen"
59-->src/main/AndroidManifest.xml:24:230-275
60            android:windowSoftInputMode="adjustResize" >
60-->src/main/AndroidManifest.xml:24:187-229
61            <intent-filter>
61-->src/main/AndroidManifest.xml:25:7-28:23
62                <action android:name="android.intent.action.MAIN" />
62-->src/main/AndroidManifest.xml:26:9-60
62-->src/main/AndroidManifest.xml:26:17-58
63
64                <category android:name="android.intent.category.LAUNCHER" />
64-->src/main/AndroidManifest.xml:27:9-68
64-->src/main/AndroidManifest.xml:27:19-66
65            </intent-filter>
66        </activity>
67        <activity android:name="com.facebook.react.devsupport.DevSettingsActivity" />
67-->src/main/AndroidManifest.xml:30:5-81
67-->src/main/AndroidManifest.xml:30:15-79
68
69        <provider
69-->[:react-native-webview] AndroidManifest.xml:12:9-20:20
70            android:name="com.reactnativecommunity.webview.RNCWebViewFileProvider"
70-->[:react-native-webview] AndroidManifest.xml:13:13-83
71            android:authorities="com.teslaapp.fileprovider"
71-->[:react-native-webview] AndroidManifest.xml:14:13-64
72            android:exported="false"
72-->[:react-native-webview] AndroidManifest.xml:15:13-37
73            android:grantUriPermissions="true" >
73-->[:react-native-webview] AndroidManifest.xml:16:13-47
74            <meta-data
74-->[:react-native-webview] AndroidManifest.xml:17:13-19:63
75                android:name="android.support.FILE_PROVIDER_PATHS"
75-->[:react-native-webview] AndroidManifest.xml:18:17-67
76                android:resource="@xml/file_provider_paths" />
76-->[:react-native-webview] AndroidManifest.xml:19:17-60
77        </provider>
78        <provider
78-->[:expo-file-system] AndroidManifest.xml:25:9-34:20
79            android:name="expo.modules.filesystem.FileSystemFileProvider"
79-->[:expo-file-system] AndroidManifest.xml:26:13-74
80            android:authorities="com.teslaapp.FileSystemFileProvider"
80-->[:expo-file-system] AndroidManifest.xml:27:13-74
81            android:exported="false"
81-->[:expo-file-system] AndroidManifest.xml:28:13-37
82            android:grantUriPermissions="true" >
82-->[:expo-file-system] AndroidManifest.xml:29:13-47
83            <meta-data
83-->[:react-native-webview] AndroidManifest.xml:17:13-19:63
84                android:name="android.support.FILE_PROVIDER_PATHS"
84-->[:react-native-webview] AndroidManifest.xml:18:17-67
85                android:resource="@xml/file_system_provider_paths" />
85-->[:react-native-webview] AndroidManifest.xml:19:17-60
86        </provider>
87
88        <meta-data
88-->[:expo-modules-core] AndroidManifest.xml:12:9-14:89
89            android:name="org.unimodules.core.AppLoader#react-native-headless"
89-->[:expo-modules-core] AndroidManifest.xml:13:13-79
90            android:value="expo.modules.adapters.react.apploader.RNHeadlessAppLoader" />
90-->[:expo-modules-core] AndroidManifest.xml:14:13-86
91    </application>
92
93</manifest>